Using pre-set license
Built from '2020.3/staging' branch; Version is '2020.3.9f1 (108be757e447) revision 1084391'; Using compiler version '192528614'; Build Type 'Release'
OS: 'Windows 10 Home; OS build 22621.674; Version 2009; 64bit' Language: 'ko' Physical Memory: 16052 MB
BatchMode: 1, IsHumanControllingUs: 0, StartBugReporterOnCrash: 0, Is64bit: 1, IsPro: 0

 COMMAND LINE ARGUMENTS:
D:\Unity\Unity Hub\2020.3.9f1\Editor\Unity.exe
-adb2
-batchMode
-noUpm
-name
AssetImportWorker0
-projectPath
E:/workspace/Portfolio/Line Rangers/Line Rangers
-logFile
Logs/AssetImportWorker0.log
-srvPort
5777
Successfully changed project path to: E:/workspace/Portfolio/Line Rangers/Line Rangers
E:/workspace/Portfolio/Line Rangers/Line Rangers
Using Asset Import Pipeline V2.
Refreshing native plugins compatible for Editor in 14.56 ms, found 0 plugins.
Preloading 0 native plugins for Editor in 0.00 ms.
Initialize engine version: 2020.3.9f1 (108be757e447)
[Subsystems] Discovering subsystems at path D:/Unity/Unity Hub/2020.3.9f1/Editor/Data/Resources/UnitySubsystems
[Subsystems] Discovering subsystems at path E:/workspace/Portfolio/Line Rangers/Line Rangers/Assets
GfxDevice: creating device client; threaded=0
Direct3D:
    Version:  Direct3D 11.0 [level 11.1]
    Renderer: NVIDIA GeForce RTX 3060 Laptop GPU (ID=0x2520)
    Vendor:   
    VRAM:     6023 MB
    Driver:   31.0.15.1748
Initialize mono
Mono path[0] = 'D:/Unity/Unity Hub/2020.3.9f1/Editor/Data/Managed'
Mono path[1] = 'D:/Unity/Unity Hub/2020.3.9f1/Editor/Data/MonoBleedingEdge/lib/mono/unityjit'
Mono config path = 'D:/Unity/Unity Hub/2020.3.9f1/Editor/Data/MonoBleedingEdge/etc'
Using monoOptions --debugger-agent=transport=dt_socket,embedding=1,server=y,suspend=n,address=127.0.0.1:56328
Begin MonoManager ReloadAssembly
Registering precompiled unity dll's ...
Register platform support module: D:/Unity/Unity Hub/2020.3.9f1/Editor/Data/PlaybackEngines/WindowsStandaloneSupport/UnityEditor.WindowsStandalone.Extensions.dll
Registered in 0.000977 seconds.
Native extension for WindowsStandalone target not found
Refreshing native plugins compatible for Editor in 17.89 ms, found 0 plugins.
Preloading 0 native plugins for Editor in 0.00 ms.
Mono: successfully reloaded assembly
- Completed reload, in  1.181 seconds
Platform modules already initialized, skipping
Registering precompiled user dll's ...
Registered in 0.000629 seconds.
Begin MonoManager ReloadAssembly
Native extension for WindowsStandalone target not found
Refreshing native plugins compatible for Editor in 0.16 ms, found 0 plugins.
Preloading 0 native plugins for Editor in 0.00 ms.
Mono: successfully reloaded assembly
- Completed reload, in  0.475 seconds
Platform modules already initialized, skipping
========================================================================
Worker process is ready to serve import requests
Launched and connected shader compiler UnityShaderCompiler.exe after 0.06 seconds
Refreshing native plugins compatible for Editor in 0.16 ms, found 0 plugins.
Preloading 0 native plugins for Editor in 0.00 ms.
Unloading 1115 Unused Serialized files (Serialized files now loaded: 0)
System memory in use before: 57.1 MB.
System memory in use after: 57.1 MB.

Unloading 10 unused Assets to reduce memory usage. Loaded Objects now: 1557.
Total: 1.287600 ms (FindLiveObjects: 0.072500 ms CreateObjectMapping: 0.019300 ms MarkObjects: 1.137500 ms  DeleteObjects: 0.057500 ms)

========================================================================
Received Import Request.
  path: Assets
  artifactKey: Guid(00000000000000001000000000000000) Importer(815301076,1909f56bfc062723c751e8b465ee728b)
Start importing Assets using Guid(00000000000000001000000000000000) Importer(815301076,1909f56bfc062723c751e8b465ee728b)  -> (artifact id: '42d402b061de3733987d63b9cc3b64de') in 0.005743 seconds
  Import took 0.006921 seconds .

========================================================================
Received Import Request.
  Time since last request: 40.199029 seconds.
  path: Assets/1.Scenes
  artifactKey: Guid(4c061e59919f0324c9a4e5fc87bb0c31) Importer(815301076,1909f56bfc062723c751e8b465ee728b)
Start importing Assets/1.Scenes using Guid(4c061e59919f0324c9a4e5fc87bb0c31) Importer(815301076,1909f56bfc062723c751e8b465ee728b)  -> (artifact id: 'e5ccbb668fb22e11b62b6b9982de96bd') in 0.009979 seconds
  Import took 0.011520 seconds .

========================================================================
Received Import Request.
  Time since last request: 0.001629 seconds.
  path: Assets/1.Scenes
  artifactKey: Guid(4c061e59919f0324c9a4e5fc87bb0c31) Importer(815301076,1909f56bfc062723c751e8b465ee728b)
Start importing Assets/1.Scenes using Guid(4c061e59919f0324c9a4e5fc87bb0c31) Importer(815301076,1909f56bfc062723c751e8b465ee728b)  -> (artifact id: 'e5ccbb668fb22e11b62b6b9982de96bd') in 0.004570 seconds
  Import took 0.006200 seconds .

========================================================================
Received Import Request.
  Time since last request: 13.441995 seconds.
  path: Assets/1.Scenes/TitleScenes.unity
  artifactKey: Guid(c4ab0b94b3a596a47a7a3a42d4635171) Importer(815301076,1909f56bfc062723c751e8b465ee728b)
Start importing Assets/1.Scenes/TitleScenes.unity using Guid(c4ab0b94b3a596a47a7a3a42d4635171) Importer(815301076,1909f56bfc062723c751e8b465ee728b)  -> (artifact id: '99dce35cf106ebae0d55258cd2542bb7') in 0.011801 seconds
  Import took 0.013102 seconds .

========================================================================
Received Import Request.
  Time since last request: 0.012830 seconds.
  path: Assets/1.Scenes/TitleScenes.unity
  artifactKey: Guid(c4ab0b94b3a596a47a7a3a42d4635171) Importer(815301076,1909f56bfc062723c751e8b465ee728b)
Start importing Assets/1.Scenes/TitleScenes.unity using Guid(c4ab0b94b3a596a47a7a3a42d4635171) Importer(815301076,1909f56bfc062723c751e8b465ee728b)  -> (artifact id: '99dce35cf106ebae0d55258cd2542bb7') in 0.004947 seconds
  Import took 0.006283 seconds .

========================================================================
Received Import Request.
  Time since last request: 6.626191 seconds.
  path: Assets/1.Scenes/Title1Scenes.unity
  artifactKey: Guid(c4ab0b94b3a596a47a7a3a42d4635171) Importer(815301076,1909f56bfc062723c751e8b465ee728b)
Start importing Assets/1.Scenes/Title1Scenes.unity using Guid(c4ab0b94b3a596a47a7a3a42d4635171) Importer(815301076,1909f56bfc062723c751e8b465ee728b)  -> (artifact id: 'd0f64fa6af258dc9e3625318b2dbb21f') in 0.005695 seconds
  Import took 0.007581 seconds .

========================================================================
Received Import Request.
  Time since last request: 7.509964 seconds.
  path: Assets/1.Scenes/Title1Scenes 1.unity
  artifactKey: Guid(2f65f114bcc29d84b8b49ce947048c6e) Importer(815301076,1909f56bfc062723c751e8b465ee728b)
Start importing Assets/1.Scenes/Title1Scenes 1.unity using Guid(2f65f114bcc29d84b8b49ce947048c6e) Importer(815301076,1909f56bfc062723c751e8b465ee728b)  -> (artifact id: 'e4ba2a1d0a9afe6fc5b6398d67228a98') in 0.006128 seconds
  Import took 0.008108 seconds .

========================================================================
Received Import Request.
  Time since last request: 4.375734 seconds.
  path: Assets/1.Scenes/Title2Scenes.unity
  artifactKey: Guid(2f65f114bcc29d84b8b49ce947048c6e) Importer(815301076,1909f56bfc062723c751e8b465ee728b)
Start importing Assets/1.Scenes/Title2Scenes.unity using Guid(2f65f114bcc29d84b8b49ce947048c6e) Importer(815301076,1909f56bfc062723c751e8b465ee728b)  -> (artifact id: '021c76ef42bcb38c0fc5a6da5ae9aff0') in 0.004930 seconds
  Import took 0.006402 seconds .

========================================================================
Received Import Request.
  Time since last request: 100.616576 seconds.
  path: Assets/1.Scenes/Title2Scenes 1.unity
  artifactKey: Guid(e8cf50d4cc439344cb17bc02880480ff) Importer(815301076,1909f56bfc062723c751e8b465ee728b)
Start importing Assets/1.Scenes/Title2Scenes 1.unity using Guid(e8cf50d4cc439344cb17bc02880480ff) Importer(815301076,1909f56bfc062723c751e8b465ee728b)  -> (artifact id: 'a0c1459877e52bacd465cb98b3a5844f') in 0.004950 seconds
  Import took 0.006600 seconds .

========================================================================
Received Import Request.
  Time since last request: 9.868260 seconds.
  path: Assets/1.Scenes/LoadingScenes.unity
  artifactKey: Guid(e8cf50d4cc439344cb17bc02880480ff) Importer(815301076,1909f56bfc062723c751e8b465ee728b)
Start importing Assets/1.Scenes/LoadingScenes.unity using Guid(e8cf50d4cc439344cb17bc02880480ff) Importer(815301076,1909f56bfc062723c751e8b465ee728b)  -> (artifact id: 'bc0ba02154c190c17a3df41f86132a2f') in 0.005024 seconds
  Import took 0.006436 seconds .

========================================================================
Received Import Request.
  Time since last request: 1208.193480 seconds.
  path: Assets/Scenes
  artifactKey: Guid(e95a002c4ebdbe64094f4fda9e4b03b5) Importer(815301076,1909f56bfc062723c751e8b465ee728b)
Start importing Assets/Scenes using Guid(e95a002c4ebdbe64094f4fda9e4b03b5) Importer(815301076,1909f56bfc062723c751e8b465ee728b)  -> (artifact id: '89f87618c6e4006e25b77bc7912d1f4e') in 0.006368 seconds
  Import took 0.009155 seconds .

========================================================================
Received Import Request.
  Time since last request: 0.004273 seconds.
  path: Assets/Scenes
  artifactKey: Guid(e95a002c4ebdbe64094f4fda9e4b03b5) Importer(815301076,1909f56bfc062723c751e8b465ee728b)
Start importing Assets/Scenes using Guid(e95a002c4ebdbe64094f4fda9e4b03b5) Importer(815301076,1909f56bfc062723c751e8b465ee728b)  -> (artifact id: '89f87618c6e4006e25b77bc7912d1f4e') in 0.005562 seconds
  Import took 0.006882 seconds .

========================================================================
Received Import Request.
  Time since last request: 403.564553 seconds.
  path: Assets/1.Scenes/App.unity
  artifactKey: Guid(4fe744e1589848f4b888c99ac64e4b44) Importer(815301076,1909f56bfc062723c751e8b465ee728b)
Start importing Assets/1.Scenes/App.unity using Guid(4fe744e1589848f4b888c99ac64e4b44) Importer(815301076,1909f56bfc062723c751e8b465ee728b)  -> (artifact id: 'a4be69663ffb26f1065fb35b801dd901') in 0.005573 seconds
  Import took 0.007126 seconds .

========================================================================
Received Import Request.
  Time since last request: 9.932802 seconds.
  path: Assets/1.Scenes/App.unity
  artifactKey: Guid(4fe744e1589848f4b888c99ac64e4b44) Importer(815301076,1909f56bfc062723c751e8b465ee728b)
Start importing Assets/1.Scenes/App.unity using Guid(4fe744e1589848f4b888c99ac64e4b44) Importer(815301076,1909f56bfc062723c751e8b465ee728b)  -> (artifact id: 'c1461af860b1953e0dc0be19bc53f53f') in 0.008774 seconds
  Import took 0.010617 seconds .

========================================================================
Received Import Request.
  Time since last request: 0.003014 seconds.
  path: Assets/1.Scenes/App.unity
  artifactKey: Guid(4fe744e1589848f4b888c99ac64e4b44) Importer(815301076,1909f56bfc062723c751e8b465ee728b)
Start importing Assets/1.Scenes/App.unity using Guid(4fe744e1589848f4b888c99ac64e4b44) Importer(815301076,1909f56bfc062723c751e8b465ee728b)  -> (artifact id: 'c1461af860b1953e0dc0be19bc53f53f') in 0.005303 seconds
  Import took 0.006828 seconds .

========================================================================
Received Import Request.
  Time since last request: 7.325485 seconds.
  path: Assets/2.Scripts
  artifactKey: Guid(b51ca16c82a54a44cb3ed3b21f460855) Importer(815301076,1909f56bfc062723c751e8b465ee728b)
Start importing Assets/2.Scripts using Guid(b51ca16c82a54a44cb3ed3b21f460855) Importer(815301076,1909f56bfc062723c751e8b465ee728b)  -> (artifact id: 'ee95a8ec67bddd18e824e44b3f3b60eb') in 0.009455 seconds
  Import took 0.011517 seconds .

========================================================================
Received Import Request.
  Time since last request: 0.001217 seconds.
  path: Assets/2.Scripts
  artifactKey: Guid(b51ca16c82a54a44cb3ed3b21f460855) Importer(815301076,1909f56bfc062723c751e8b465ee728b)
Start importing Assets/2.Scripts using Guid(b51ca16c82a54a44cb3ed3b21f460855) Importer(815301076,1909f56bfc062723c751e8b465ee728b)  -> (artifact id: 'ee95a8ec67bddd18e824e44b3f3b60eb') in 0.005579 seconds
  Import took 0.007445 seconds .

========================================================================
Received Import Request.
  Time since last request: 3.056851 seconds.
  path: Assets/2.Scripts/App.cs
  artifactKey: Guid(c122591cc0f4802448d1224a20266ba3) Importer(815301076,1909f56bfc062723c751e8b465ee728b)
Start importing Assets/2.Scripts/App.cs using Guid(c122591cc0f4802448d1224a20266ba3) Importer(815301076,1909f56bfc062723c751e8b465ee728b)  -> (artifact id: '94752936af80330e4bff4da2ff36e31c') in 0.043509 seconds
  Import took 0.045894 seconds .

========================================================================
Received Import Request.
  Time since last request: 0.042668 seconds.
  path: Assets/2.Scripts/App.cs
  artifactKey: Guid(c122591cc0f4802448d1224a20266ba3) Importer(815301076,1909f56bfc062723c751e8b465ee728b)
Start importing Assets/2.Scripts/App.cs using Guid(c122591cc0f4802448d1224a20266ba3) Importer(815301076,1909f56bfc062723c751e8b465ee728b)  -> (artifact id: '94752936af80330e4bff4da2ff36e31c') in 0.006572 seconds
  Import took 0.008235 seconds .

========================================================================
Received Prepare
Registering precompiled user dll's ...
Registered in 0.000395 seconds.
Begin MonoManager ReloadAssembly
Native extension for WindowsStandalone target not found
Refreshing native plugins compatible for Editor in 0.16 ms, found 0 plugins.
Preloading 0 native plugins for Editor in 0.00 ms.
Mono: successfully reloaded assembly
- Completed reload, in  0.483 seconds
Platform modules already initialized, skipping
Refreshing native plugins compatible for Editor in 0.14 ms, found 0 plugins.
Preloading 0 native plugins for Editor in 0.00 ms.
Unloading 1111 Unused Serialized files (Serialized files now loaded: 0)
System memory in use before: 57.1 MB.
System memory in use after: 57.2 MB.

Unloading 5 unused Assets to reduce memory usage. Loaded Objects now: 1561.
Total: 1.041800 ms (FindLiveObjects: 0.073500 ms CreateObjectMapping: 0.020900 ms MarkObjects: 0.912600 ms  DeleteObjects: 0.034100 ms)

AssetImportWorkerClient::OnTransportError - code=2 error=End of file
